Removed Pin From Net: NetName=VDD_3V3_STBY Pin=C18-2
Removed Pin From Net: NetName=VDD_3V3_STBY Pin=C107-1
Removed Pin From Net: NetName=VDD_3V3_STBY Pin=C108-1
Removed Pin From Net: NetName=VDD_3V3_STBY Pin=J4-15
Removed Pin From Net: NetName=VDD_3V3_STBY Pin=J5-15
Removed Pin From Net: NetName=VDD_3V3_STBY Pin=R11-2
Removed Pin From Net: NetName=VDD_3V3_STBY Pin=R12-2
Removed Pin From Net: NetName=VDD_3V3_STBY Pin=R20-1
Removed Pin From Net: NetName=VDD_3V3_STBY Pin=R22-2
Removed Pin From Net: NetName=VDD_3V3_STBY Pin=R128-2
Removed Pin From Net: NetName=VDD_3V3_STBY Pin=R129-2
Removed Pin From Net: NetName=VDD_3V3_STBY Pin=R130-2
Removed Pin From Net: NetName=VDD_3V3_STBY Pin=U3-3
Removed Pin From Net: NetName=VDD_3V3_STBY Pin=U3-24
Added Pin To Net: NetName=VDD_3V3_SYS Pin=C18-2
Added Pin To Net: NetName=VDD_3V3_SYS Pin=C107-1
Added Pin To Net: NetName=VDD_3V3_SYS Pin=C108-1
Added Pin To Net: NetName=VDD_3V3_SYS Pin=J4-15
Added Pin To Net: NetName=VDD_3V3_SYS Pin=J5-15
Added Pin To Net: NetName=VDD_3V3_SYS Pin=R11-2
Added Pin To Net: NetName=VDD_3V3_SYS Pin=R12-2
Added Pin To Net: NetName=VDD_3V3_SYS Pin=R20-1
Added Pin To Net: NetName=VDD_3V3_SYS Pin=R22-2
Added Pin To Net: NetName=VDD_3V3_SYS Pin=R128-2
Added Pin To Net: NetName=VDD_3V3_SYS Pin=R129-2
Added Pin To Net: NetName=VDD_3V3_SYS Pin=R130-2
Added Pin To Net: NetName=VDD_3V3_SYS Pin=U3-3
Added Pin To Net: NetName=VDD_3V3_SYS Pin=U3-24
