Removed Pin From Net: NetName=NetD14_2 Pin=J1-G18
Removed Pin From Net: NetName=NetD15_5 Pin=J9-1
Removed Pin From Net: NetName=NetD15_4 Pin=J9-2
Removed Pin From Net: NetName=NetD14_1 Pin=J9-3
Removed Pin From Net: NetName=NetD14_2 Pin=J9-5
Removed Pin From Net: NetName=NetD14_1 Pin=R25-2
Added Component: Designator=R26(R1005[0402])
Add component. Clean all parameters for all variants
Add component (AddParameter): Name = "Value"; Value = "10R"; VariantName = "[No Variations]"
Added Component: Designator=R125(R1005[0402])
Add component. Clean all parameters for all variants
Add component (AddParameter): Name = "Value"; Value = "10R"; VariantName = "[No Variations]"
Added Component: Designator=R126(R1005[0402])
Add component. Clean all parameters for all variants
Add component (AddParameter): Name = "Value"; Value = "10R"; VariantName = "[No Variations]"
Added Component: Designator=R127(R1005[0402])
Add component. Clean all parameters for all variants
Add component (AddParameter): Name = "Value"; Value = "10R"; VariantName = "[No Variations]"
Added Pin To Net: NetName=NetD15_5 Pin=J1-G18
Added Pin To Net: NetName=NetD14_2 Pin=J9-1
Added Pin To Net: NetName=NetD14_1 Pin=J9-2
Added Pin To Net: NetName=NetD15_4 Pin=J9-3
Added Pin To Net: NetName=NetD15_5 Pin=J9-5
Added Pin To Net: NetName=NetD15_4 Pin=R25-2
Added Pin To Net: NetName=NetJ1_H18 Pin=R26-1
Added Pin To Net: NetName=NetD15_2 Pin=R26-2
Added Pin To Net: NetName=NetJ1_H17 Pin=R125-1
Added Pin To Net: NetName=NetD15_1 Pin=R125-2
Added Pin To Net: NetName=NetJ1_F19 Pin=R126-1
Added Pin To Net: NetName=NetD14_2 Pin=R126-2
Added Pin To Net: NetName=NetJ1_F18 Pin=R127-1
Added Pin To Net: NetName=NetD14_1 Pin=R127-2
Added Member To Class: ClassName=M2 Member=Component R26 res
Added Member To Class: ClassName=M2 Member=Component R125 res
Added Member To Class: ClassName=M2 Member=Component R126 res
Added Member To Class: ClassName=M2 Member=Component R127 res
