Removed Pin From Net: NetName=NetD1_2 Pin=J11-1
Removed Pin From Net: NetName=DP0_D0_J_P Pin=J11-3
Removed Pin From Net: NetName=GND Pin=J11-4
Removed Pin From Net: NetName=DP0_D0_J_N Pin=J11-5
Removed Pin From Net: NetName=DP0_D1_J_P Pin=J11-6
Removed Pin From Net: NetName=GND Pin=J11-7
Removed Pin From Net: NetName=DP0_D1_J_N Pin=J11-8
Removed Pin From Net: NetName=DP0_D2_J_P Pin=J11-9
Removed Pin From Net: NetName=GND Pin=J11-10
Removed Pin From Net: NetName=DP0_D2_J_N Pin=J11-11
Removed Pin From Net: NetName=DP0_D3_J_P Pin=J11-12
Removed Pin From Net: NetName=GND Pin=J11-13
Removed Pin From Net: NetName=DP0_D3_J_N Pin=J11-14
Removed Pin From Net: NetName=NetD1_1 Pin=J11-15
Removed Pin From Net: NetName=GND Pin=J11-16
Removed Pin From Net: NetName=NetD1_4 Pin=J11-17
Removed Pin From Net: NetName=NetD1_5 Pin=J11-18
Removed Pin From Net: NetName=VDD_5V0_SYS Pin=J11-19
Removed Pin From Net: NetName=GND Pin=J11-SHIELD
Removed Pin From Net: NetName=GND Pin=J11-SHIELD
Removed Pin From Net: NetName=GND Pin=J11-SHIELD
Removed Pin From Net: NetName=GND Pin=J11-SHIELD
Added Component: Designator=J11(molex_hdmi)
Add component. Clean all parameters for all variants
Added Pin To Net: NetName=DP0_D0_J_P Pin=J11-1
Added Pin To Net: NetName=DP0_D0_J_P Pin=J11-1
Added Pin To Net: NetName=GND Pin=J11-2
Added Pin To Net: NetName=DP0_D0_J_N Pin=J11-3
Added Pin To Net: NetName=DP0_D1_J_P Pin=J11-4
Added Pin To Net: NetName=GND Pin=J11-5
Added Pin To Net: NetName=DP0_D1_J_N Pin=J11-6
Added Pin To Net: NetName=DP0_D2_J_P Pin=J11-7
Added Pin To Net: NetName=GND Pin=J11-8
Added Pin To Net: NetName=DP0_D2_J_N Pin=J11-9
Added Pin To Net: NetName=DP0_D3_J_P Pin=J11-10
Added Pin To Net: NetName=GND Pin=J11-11
Added Pin To Net: NetName=DP0_D3_J_N Pin=J11-12
Added Pin To Net: NetName=NetD1_1 Pin=J11-13
Added Pin To Net: NetName=NetD1_4 Pin=J11-15
Added Pin To Net: NetName=NetD1_5 Pin=J11-16
Added Pin To Net: NetName=GND Pin=J11-17
Added Pin To Net: NetName=VDD_5V0_SYS Pin=J11-18
Added Pin To Net: NetName=NetD1_2 Pin=J11-19
Added Pin To Net: NetName=GND Pin=J11-SHIELD
Added Pin To Net: NetName=GND Pin=J11-SHIELD
Added Pin To Net: NetName=GND Pin=J11-SHIELD
Added Pin To Net: NetName=GND Pin=J11-SHIELD
