Replace Symbol from C1 cap in D:\hexapod\carrier\carrier.SchDoc with cap from gpa_passives.SchLib
Replace Symbol from C2 cap in D:\hexapod\carrier\carrier.SchDoc with cap from gpa_passives.SchLib
Replace Symbol from C3 cap in D:\hexapod\carrier\carrier.SchDoc with cap from gpa_passives.SchLib
Replace Symbol from C4 cap in D:\hexapod\carrier\carrier.SchDoc with cap from gpa_passives.SchLib
Replace Symbol from C5 cap in D:\hexapod\carrier\carrier.SchDoc with cap from gpa_passives.SchLib
Replace Symbol from C6 cap in D:\hexapod\carrier\carrier.SchDoc with cap from gpa_passives.SchLib
Replace Symbol from C7 cap in D:\hexapod\carrier\carrier.SchDoc with cap from gpa_passives.SchLib
Replace Symbol from C8 cap in D:\hexapod\carrier\carrier.SchDoc with cap from gpa_passives.SchLib
Replace Symbol from C9 cap in D:\hexapod\carrier\carrier.SchDoc with cap from gpa_passives.SchLib
Replace Symbol from C10 cap in D:\hexapod\carrier\carrier.SchDoc with cap from gpa_passives.SchLib
Replace Symbol from C11 cap in D:\hexapod\carrier\carrier.SchDoc with cap from gpa_passives.SchLib
Replace Symbol from C? cap in D:\hexapod\carrier\carrier.SchDoc with cap from gpa_passives.SchLib
Replace Symbol from C? cap in D:\hexapod\carrier\carrier.SchDoc with cap from gpa_passives.SchLib
Replace Symbol from C? cap in D:\hexapod\carrier\carrier.SchDoc with cap from gpa_passives.SchLib
Replace Symbol from C? cap in D:\hexapod\carrier\carrier.SchDoc with cap from gpa_passives.SchLib
Replace Symbol from FB5 ferrite_bead in D:\hexapod\carrier\carrier.SchDoc with ferrite_bead from gpa_passives.SchLib
Replace Symbol from J3 FTSH-105-01-XXX-DV-K in D:\hexapod\carrier\carrier.SchDoc with FTSH-105-01-XXX-DV-K from FTSH-105-01-XXX-DV-K.IntLib
Replace Symbol from J? header_1x6 in D:\hexapod\carrier\carrier.SchDoc with header_1x6 from gpa_connectors.SchLib
Replace Symbol from MH1 mounting_hole in D:\hexapod\carrier\carrier.SchDoc with mounting_hole from gpa_mounting.SchLib
Replace Symbol from MH2 mounting_hole in D:\hexapod\carrier\carrier.SchDoc with mounting_hole from gpa_mounting.SchLib
Replace Symbol from MH3 mounting_hole in D:\hexapod\carrier\carrier.SchDoc with mounting_hole from gpa_mounting.SchLib
Replace Symbol from MH4 mounting_hole in D:\hexapod\carrier\carrier.SchDoc with mounting_hole from gpa_mounting.SchLib
Replace Symbol from MH? mounting_hole in D:\hexapod\carrier\carrier.SchDoc with mounting_hole from gpa_mounting.SchLib
Replace Symbol from MH? mounting_hole in D:\hexapod\carrier\carrier.SchDoc with mounting_hole from gpa_mounting.SchLib
Replace Symbol from MH? mounting_hole in D:\hexapod\carrier\carrier.SchDoc with mounting_hole from gpa_mounting.SchLib
Replace Symbol from MH? mounting_hole in D:\hexapod\carrier\carrier.SchDoc with mounting_hole from gpa_mounting.SchLib
Replace Symbol from MH? mounting_hole in D:\hexapod\carrier\carrier.SchDoc with mounting_hole from gpa_mounting.SchLib
Replace Symbol from MH? mounting_hole in D:\hexapod\carrier\carrier.SchDoc with mounting_hole from gpa_mounting.SchLib
Replace Symbol from Q? nch_mosfet in D:\hexapod\carrier\carrier.SchDoc with nch_mosfet from gpa_actives.SchLib
Replace Symbol from Q? nch_mosfet in D:\hexapod\carrier\carrier.SchDoc with nch_mosfet from gpa_actives.SchLib
Replace Symbol from Q? nch_mosfet in D:\hexapod\carrier\carrier.SchDoc with nch_mosfet from gpa_actives.SchLib
Replace Symbol from R6 res in D:\hexapod\carrier\carrier.SchDoc with res from gpa_passives.SchLib
Replace Symbol from R7 res in D:\hexapod\carrier\carrier.SchDoc with res from gpa_passives.SchLib
Replace Symbol from R9 res in D:\hexapod\carrier\carrier.SchDoc with res from gpa_passives.SchLib
Replace Symbol from R10 res in D:\hexapod\carrier\carrier.SchDoc with res from gpa_passives.SchLib
Replace Symbol from R? res in D:\hexapod\carrier\carrier.SchDoc with res from gpa_passives.SchLib
Replace Symbol from R? res in D:\hexapod\carrier\carrier.SchDoc with res from gpa_passives.SchLib
Replace Symbol from R? res in D:\hexapod\carrier\carrier.SchDoc with res from gpa_passives.SchLib
Replace Symbol from R? res in D:\hexapod\carrier\carrier.SchDoc with res from gpa_passives.SchLib
Replace Symbol from R? res in D:\hexapod\carrier\carrier.SchDoc with res from gpa_passives.SchLib
Replace Symbol from R? res in D:\hexapod\carrier\carrier.SchDoc with res from gpa_passives.SchLib
Replace Symbol from R? res in D:\hexapod\carrier\carrier.SchDoc with res from gpa_passives.SchLib
Replace Symbol from R? res in D:\hexapod\carrier\carrier.SchDoc with res from gpa_passives.SchLib
Replace Symbol from R? res in D:\hexapod\carrier\carrier.SchDoc with res from gpa_passives.SchLib
Replace Symbol from S? btn in D:\hexapod\carrier\carrier.SchDoc with btn from gpa_passives.SchLib
Replace Symbol from S? btn in D:\hexapod\carrier\carrier.SchDoc with btn from gpa_passives.SchLib
Replace Symbol from S? btn in D:\hexapod\carrier\carrier.SchDoc with btn from gpa_passives.SchLib
Replace Symbol from S? btn in D:\hexapod\carrier\carrier.SchDoc with btn from gpa_passives.SchLib
Replace Symbol from U1 STM32F415RGT6 in D:\hexapod\carrier\carrier.SchDoc with STM32F415RGT6 from STMicroelectronics STM32 F4.IntLib
Replace Symbol from U1 STM32F415RGT6 in D:\hexapod\carrier\carrier.SchDoc with STM32F415RGT6 from STMicroelectronics STM32 F4.IntLib
Replace Symbol from U? lsf0204 in D:\hexapod\carrier\carrier.SchDoc with lsf0204 from gpa_ti.SchLib
Replace Symbol from U? lsf0204 in D:\hexapod\carrier\carrier.SchDoc with lsf0204 from gpa_ti.SchLib
Replace Symbol from X1 crystal_shielded in D:\hexapod\carrier\carrier.SchDoc with crystal_shielded from gpa_passives.SchLib
