Removed Pin From Net: NetName=NetJ1_A34 Pin=J1-A34
Removed Pin From Net: NetName=NetJ1_A35 Pin=J1-A35
Removed Pin From Net: NetName=DPM2_AUX_N Pin=J1-B34
Removed Pin From Net: NetName=DPM2_AUX_P Pin=J1-B35
Removed Pin From Net: NetName=DP0_D1_N Pin=J1-C37
Removed Pin From Net: NetName=DP0_D1_P Pin=J1-C38
Removed Pin From Net: NetName=DP0_D2_N Pin=J1-D36
Removed Pin From Net: NetName=DP0_D2_P Pin=J1-D37
Removed Pin From Net: NetName=DP0_D3_N Pin=J1-E35
Removed Pin From Net: NetName=DP0_D3_P Pin=J1-E36
Removed Pin From Net: NetName=DP0_D0_N Pin=J1-E38
Removed Pin From Net: NetName=DP0_D0_P Pin=J1-E39
Removed Pin From Net: NetName=DPM2_D2_N Pin=J1-F37
Removed Pin From Net: NetName=DPM2_D2_P Pin=J1-F38
Removed Pin From Net: NetName=DPM2_D1_N Pin=J1-G36
Removed Pin From Net: NetName=DPM2_D1_P Pin=J1-G37
Removed Pin From Net: NetName=DPM2_D0_N Pin=J1-H35
Removed Pin From Net: NetName=DPM2_D0_P Pin=J1-H36
Removed Pin From Net: NetName=DPM2_D3_N Pin=J1-H38
Removed Pin From Net: NetName=DPM2_D3_P Pin=J1-H39
Removed Pin From Net: NetName=NetJ1_B36 Pin=J8-8
Removed Pin From Net: NetName=NetJ1_A33 Pin=Q4-C
Removed Pin From Net: NetName=NetJ1_A33 Pin=R28-1
Added Pin To Net: NetName=DPM2_AUX_N Pin=J1-A34
Added Pin To Net: NetName=DPM2_AUX_P Pin=J1-A35
Added Pin To Net: NetName=NetJ1_A34 Pin=J1-B34
Added Pin To Net: NetName=NetJ1_A35 Pin=J1-B35
Added Pin To Net: NetName=DPM2_D2_N Pin=J1-C37
Added Pin To Net: NetName=DPM2_D2_P Pin=J1-C38
Added Pin To Net: NetName=DPM2_D1_N Pin=J1-D36
Added Pin To Net: NetName=DPM2_D1_P Pin=J1-D37
Added Pin To Net: NetName=DPM2_D0_N Pin=J1-E35
Added Pin To Net: NetName=DPM2_D0_P Pin=J1-E36
Added Pin To Net: NetName=DPM2_D3_N Pin=J1-E38
Added Pin To Net: NetName=DPM2_D3_P Pin=J1-E39
Added Pin To Net: NetName=DP0_D1_N Pin=J1-F37
Added Pin To Net: NetName=DP0_D1_P Pin=J1-F38
Added Pin To Net: NetName=DP0_D2_N Pin=J1-G36
Added Pin To Net: NetName=DP0_D2_P Pin=J1-G37
Added Pin To Net: NetName=DP0_D3_N Pin=J1-H35
Added Pin To Net: NetName=DP0_D3_P Pin=J1-H36
Added Pin To Net: NetName=DP0_D0_N Pin=J1-H38
Added Pin To Net: NetName=DP0_D0_P Pin=J1-H39
Added Pin To Net: NetName=NetJ1_A33 Pin=J8-8
Added Pin To Net: NetName=NetJ1_B36 Pin=Q4-C
Added Pin To Net: NetName=NetJ1_B36 Pin=R28-1
Change Net Name : Old Net Name=NetJ1_A34 New Net Name=NetJ1_B34
Change Net Name : Old Net Name=NetJ1_A35 New Net Name=NetJ1_B35
