Removed Pin From Net: NetName=DP0_D0_J_P Pin=J11-1
Removed Pin From Net: NetName=GND Pin=J11-2
Removed Pin From Net: NetName=DP0_D1_J_P Pin=J11-4
Removed Pin From Net: NetName=GND Pin=J11-5
Removed Pin From Net: NetName=DP0_D2_J_P Pin=J11-7
Removed Pin From Net: NetName=GND Pin=J11-8
Removed Pin From Net: NetName=DP0_D3_J_P Pin=J11-10
Removed Pin From Net: NetName=GND Pin=J11-11
Removed Pin From Net: NetName=NetD1_1 Pin=J11-13
Removed Pin From Net: NetName=GND Pin=J11-17
Change Component Footprint: Designator=J11 Old Footprint=molex_hdmi New Footprint=wurth_hdmi_mini
Change Component Comment : Designator=J11 Old Comment=10118242-0x1RLF New Comment=685119136923
Added Pin To Net: NetName=GND Pin=J11-1
Added Pin To Net: NetName=DP0_D0_J_P Pin=J11-2
Added Pin To Net: NetName=GND Pin=J11-4
Added Pin To Net: NetName=DP0_D1_J_P Pin=J11-5
Added Pin To Net: NetName=GND Pin=J11-7
Added Pin To Net: NetName=DP0_D2_J_P Pin=J11-8
Added Pin To Net: NetName=GND Pin=J11-10
Added Pin To Net: NetName=DP0_D3_J_P Pin=J11-11
Added Pin To Net: NetName=GND Pin=J11-13
Added Pin To Net: NetName=NetD1_1 Pin=J11-14
