Replace Symbol from C? cap in D:\hexapod\carrier\ethernet_hdmi.SchDoc with cap from gpa_passives.SchLib
Replace Symbol from C? cap in D:\hexapod\carrier\ethernet_hdmi.SchDoc with cap from gpa_passives.SchLib
Replace Symbol from C? cap in D:\hexapod\carrier\ethernet_hdmi.SchDoc with cap from gpa_passives.SchLib
Replace Symbol from C? cap in D:\hexapod\carrier\ethernet_hdmi.SchDoc with cap from gpa_passives.SchLib
Replace Symbol from C? cap in D:\hexapod\carrier\ethernet_hdmi.SchDoc with cap from gpa_passives.SchLib
Replace Symbol from C? cap in D:\hexapod\carrier\ethernet_hdmi.SchDoc with cap from gpa_passives.SchLib
Replace Symbol from C? cap in D:\hexapod\carrier\ethernet_hdmi.SchDoc with cap from gpa_passives.SchLib
Replace Symbol from C? cap in D:\hexapod\carrier\ethernet_hdmi.SchDoc with cap from gpa_passives.SchLib
Replace Symbol from C? cap in D:\hexapod\carrier\ethernet_hdmi.SchDoc with cap from gpa_passives.SchLib
Replace Symbol from D? tpd4e05u06 in D:\hexapod\carrier\ethernet_hdmi.SchDoc with tpd4e05u06 from gpa_ti.SchLib
Replace Symbol from D? tpd4e05u06 in D:\hexapod\carrier\ethernet_hdmi.SchDoc with tpd4e05u06 from gpa_ti.SchLib
Replace Symbol from D? tpd4e05u06 in D:\hexapod\carrier\ethernet_hdmi.SchDoc with tpd4e05u06 from gpa_ti.SchLib
Replace Symbol from FB? ferrite_bead in D:\hexapod\carrier\ethernet_hdmi.SchDoc with ferrite_bead from gpa_passives.SchLib
Replace Symbol from FB? ferrite_bead in D:\hexapod\carrier\ethernet_hdmi.SchDoc with ferrite_bead from gpa_passives.SchLib
Replace Symbol from FB? ferrite_bead in D:\hexapod\carrier\ethernet_hdmi.SchDoc with ferrite_bead from gpa_passives.SchLib
Replace Symbol from FB? ferrite_bead in D:\hexapod\carrier\ethernet_hdmi.SchDoc with ferrite_bead from gpa_passives.SchLib
Replace Symbol from FB? ferrite_bead in D:\hexapod\carrier\ethernet_hdmi.SchDoc with ferrite_bead from gpa_passives.SchLib
Replace Symbol from FB? ferrite_bead in D:\hexapod\carrier\ethernet_hdmi.SchDoc with ferrite_bead from gpa_passives.SchLib
Replace Symbol from FB? ferrite_bead in D:\hexapod\carrier\ethernet_hdmi.SchDoc with ferrite_bead from gpa_passives.SchLib
Replace Symbol from FB? ferrite_bead in D:\hexapod\carrier\ethernet_hdmi.SchDoc with ferrite_bead from gpa_passives.SchLib
Replace Symbol from J? geth_wmagnetics in D:\hexapod\carrier\ethernet_hdmi.SchDoc with geth_wmagnetics from gpa_connectors.SchLib
Replace Symbol from J? hdmi_micro_d in D:\hexapod\carrier\ethernet_hdmi.SchDoc with hdmi_micro_d from gpa_connectors.SchLib
Replace Symbol from J? hdmi_micro_d in D:\hexapod\carrier\ethernet_hdmi.SchDoc with hdmi_micro_d from gpa_connectors.SchLib
Replace Symbol from Q? npn_bipolar in D:\hexapod\carrier\ethernet_hdmi.SchDoc with npn_bipolar from gpa_actives.SchLib
Replace Symbol from R? res in D:\hexapod\carrier\ethernet_hdmi.SchDoc with res from gpa_passives.SchLib
Replace Symbol from R? res in D:\hexapod\carrier\ethernet_hdmi.SchDoc with res from gpa_passives.SchLib
Replace Symbol from R? res in D:\hexapod\carrier\ethernet_hdmi.SchDoc with res from gpa_passives.SchLib
Replace Symbol from R? res in D:\hexapod\carrier\ethernet_hdmi.SchDoc with res from gpa_passives.SchLib
Replace Symbol from R? res in D:\hexapod\carrier\ethernet_hdmi.SchDoc with res from gpa_passives.SchLib
Replace Symbol from R? res in D:\hexapod\carrier\ethernet_hdmi.SchDoc with res from gpa_passives.SchLib
Replace Symbol from R? res in D:\hexapod\carrier\ethernet_hdmi.SchDoc with res from gpa_passives.SchLib
Replace Symbol from R? res in D:\hexapod\carrier\ethernet_hdmi.SchDoc with res from gpa_passives.SchLib
Replace Symbol from R? res in D:\hexapod\carrier\ethernet_hdmi.SchDoc with res from gpa_passives.SchLib
Replace Symbol from R? res in D:\hexapod\carrier\ethernet_hdmi.SchDoc with res from gpa_passives.SchLib
Replace Symbol from R? res in D:\hexapod\carrier\ethernet_hdmi.SchDoc with res from gpa_passives.SchLib
Replace Symbol from R? res in D:\hexapod\carrier\ethernet_hdmi.SchDoc with res from gpa_passives.SchLib
Replace Symbol from R? res in D:\hexapod\carrier\ethernet_hdmi.SchDoc with res from gpa_passives.SchLib
Replace Symbol from R? res in D:\hexapod\carrier\ethernet_hdmi.SchDoc with res from gpa_passives.SchLib
Replace Symbol from R? res in D:\hexapod\carrier\ethernet_hdmi.SchDoc with res from gpa_passives.SchLib
Replace Symbol from R? res in D:\hexapod\carrier\ethernet_hdmi.SchDoc with res from gpa_passives.SchLib
Replace Symbol from R? res in D:\hexapod\carrier\ethernet_hdmi.SchDoc with res from gpa_passives.SchLib
Replace Symbol from R? res in D:\hexapod\carrier\ethernet_hdmi.SchDoc with res from gpa_passives.SchLib
Replace Symbol from R? res in D:\hexapod\carrier\ethernet_hdmi.SchDoc with res from gpa_passives.SchLib
Replace Symbol from R? res in D:\hexapod\carrier\ethernet_hdmi.SchDoc with res from gpa_passives.SchLib
Replace Symbol from R? res in D:\hexapod\carrier\ethernet_hdmi.SchDoc with res from gpa_passives.SchLib
Replace Symbol from R? res in D:\hexapod\carrier\ethernet_hdmi.SchDoc with res from gpa_passives.SchLib
Replace Symbol from R? res in D:\hexapod\carrier\ethernet_hdmi.SchDoc with res from gpa_passives.SchLib
Replace Symbol from R? res in D:\hexapod\carrier\ethernet_hdmi.SchDoc with res from gpa_passives.SchLib
Replace Symbol from R? res in D:\hexapod\carrier\ethernet_hdmi.SchDoc with res from gpa_passives.SchLib
Replace Symbol from R? res in D:\hexapod\carrier\ethernet_hdmi.SchDoc with res from gpa_passives.SchLib
Replace Symbol from R? res in D:\hexapod\carrier\ethernet_hdmi.SchDoc with res from gpa_passives.SchLib
Replace Symbol from U? lsf0204 in D:\hexapod\carrier\ethernet_hdmi.SchDoc with lsf0204 from gpa_ti.SchLib
