Replace Symbol from C? cap in D:\hexapod\carrier\psu_and_discharge.SchDoc with cap from gpa_passives.SchLib
Replace Symbol from C? cap in D:\hexapod\carrier\psu_and_discharge.SchDoc with cap from gpa_passives.SchLib
Replace Symbol from C? cap in D:\hexapod\carrier\psu_and_discharge.SchDoc with cap from gpa_passives.SchLib
Replace Symbol from C? cap in D:\hexapod\carrier\psu_and_discharge.SchDoc with cap from gpa_passives.SchLib
Replace Symbol from C? cap in D:\hexapod\carrier\psu_and_discharge.SchDoc with cap from gpa_passives.SchLib
Replace Symbol from C? cap in D:\hexapod\carrier\psu_and_discharge.SchDoc with cap from gpa_passives.SchLib
Replace Symbol from C? cap in D:\hexapod\carrier\psu_and_discharge.SchDoc with cap from gpa_passives.SchLib
Replace Symbol from C? cap in D:\hexapod\carrier\psu_and_discharge.SchDoc with cap from gpa_passives.SchLib
Replace Symbol from C? cap in D:\hexapod\carrier\psu_and_discharge.SchDoc with cap from gpa_passives.SchLib
Replace Symbol from C? cap in D:\hexapod\carrier\psu_and_discharge.SchDoc with cap from gpa_passives.SchLib
Replace Symbol from C? cap in D:\hexapod\carrier\psu_and_discharge.SchDoc with cap from gpa_passives.SchLib
Replace Symbol from C? cap in D:\hexapod\carrier\psu_and_discharge.SchDoc with cap from gpa_passives.SchLib
Replace Symbol from C? cap in D:\hexapod\carrier\psu_and_discharge.SchDoc with cap from gpa_passives.SchLib
Replace Symbol from C? cap in D:\hexapod\carrier\psu_and_discharge.SchDoc with cap from gpa_passives.SchLib
Replace Symbol from C? cap in D:\hexapod\carrier\psu_and_discharge.SchDoc with cap from gpa_passives.SchLib
Replace Symbol from C? cap in D:\hexapod\carrier\psu_and_discharge.SchDoc with cap from gpa_passives.SchLib
Replace Symbol from C? cap in D:\hexapod\carrier\psu_and_discharge.SchDoc with cap from gpa_passives.SchLib
Replace Symbol from C? cap in D:\hexapod\carrier\psu_and_discharge.SchDoc with cap from gpa_passives.SchLib
Replace Symbol from C? cap in D:\hexapod\carrier\psu_and_discharge.SchDoc with cap from gpa_passives.SchLib
Replace Symbol from C? cap in D:\hexapod\carrier\psu_and_discharge.SchDoc with cap from gpa_passives.SchLib
Replace Symbol from C? cap in D:\hexapod\carrier\psu_and_discharge.SchDoc with cap from gpa_passives.SchLib
Replace Symbol from C? cap in D:\hexapod\carrier\psu_and_discharge.SchDoc with cap from gpa_passives.SchLib
Replace Symbol from C? cap in D:\hexapod\carrier\psu_and_discharge.SchDoc with cap from gpa_passives.SchLib
Replace Symbol from C? cap in D:\hexapod\carrier\psu_and_discharge.SchDoc with cap from gpa_passives.SchLib
Replace Symbol from C? cap in D:\hexapod\carrier\psu_and_discharge.SchDoc with cap from gpa_passives.SchLib
Replace Symbol from C? cap in D:\hexapod\carrier\psu_and_discharge.SchDoc with cap from gpa_passives.SchLib
Replace Symbol from C? cap in D:\hexapod\carrier\psu_and_discharge.SchDoc with cap from gpa_passives.SchLib
Replace Symbol from C? cap in D:\hexapod\carrier\psu_and_discharge.SchDoc with cap from gpa_passives.SchLib
Replace Symbol from C? cap in D:\hexapod\carrier\psu_and_discharge.SchDoc with cap from gpa_passives.SchLib
Replace Symbol from C? cap in D:\hexapod\carrier\psu_and_discharge.SchDoc with cap from gpa_passives.SchLib
Replace Symbol from C? pcap in D:\hexapod\carrier\psu_and_discharge.SchDoc with pcap from gpa_passives.SchLib
Replace Symbol from C? cap in D:\hexapod\carrier\psu_and_discharge.SchDoc with cap from gpa_passives.SchLib
Replace Symbol from C? cap in D:\hexapod\carrier\psu_and_discharge.SchDoc with cap from gpa_passives.SchLib
Replace Symbol from C? cap in D:\hexapod\carrier\psu_and_discharge.SchDoc with cap from gpa_passives.SchLib
Replace Symbol from C? cap in D:\hexapod\carrier\psu_and_discharge.SchDoc with cap from gpa_passives.SchLib
Replace Symbol from C? cap in D:\hexapod\carrier\psu_and_discharge.SchDoc with cap from gpa_passives.SchLib
Replace Symbol from C? cap in D:\hexapod\carrier\psu_and_discharge.SchDoc with cap from gpa_passives.SchLib
Replace Symbol from C? cap in D:\hexapod\carrier\psu_and_discharge.SchDoc with cap from gpa_passives.SchLib
Replace Symbol from C? cap in D:\hexapod\carrier\psu_and_discharge.SchDoc with cap from gpa_passives.SchLib
Replace Symbol from C? cap in D:\hexapod\carrier\psu_and_discharge.SchDoc with cap from gpa_passives.SchLib
Replace Symbol from C? cap in D:\hexapod\carrier\psu_and_discharge.SchDoc with cap from gpa_passives.SchLib
Replace Symbol from C? cap in D:\hexapod\carrier\psu_and_discharge.SchDoc with cap from gpa_passives.SchLib
Replace Symbol from C? cap in D:\hexapod\carrier\psu_and_discharge.SchDoc with cap from gpa_passives.SchLib
Replace Symbol from C? cap in D:\hexapod\carrier\psu_and_discharge.SchDoc with cap from gpa_passives.SchLib
Replace Symbol from C? cap in D:\hexapod\carrier\psu_and_discharge.SchDoc with cap from gpa_passives.SchLib
Replace Symbol from C? cap in D:\hexapod\carrier\psu_and_discharge.SchDoc with cap from gpa_passives.SchLib
Replace Symbol from C? cap in D:\hexapod\carrier\psu_and_discharge.SchDoc with cap from gpa_passives.SchLib
Replace Symbol from C? cap in D:\hexapod\carrier\psu_and_discharge.SchDoc with cap from gpa_passives.SchLib
Replace Symbol from C? cap in D:\hexapod\carrier\psu_and_discharge.SchDoc with cap from gpa_passives.SchLib
Replace Symbol from C? cap in D:\hexapod\carrier\psu_and_discharge.SchDoc with cap from gpa_passives.SchLib
Replace Symbol from C? cap in D:\hexapod\carrier\psu_and_discharge.SchDoc with cap from gpa_passives.SchLib
Replace Symbol from C? cap in D:\hexapod\carrier\psu_and_discharge.SchDoc with cap from gpa_passives.SchLib
Replace Symbol from C? cap in D:\hexapod\carrier\psu_and_discharge.SchDoc with cap from gpa_passives.SchLib
Replace Symbol from C? cap in D:\hexapod\carrier\psu_and_discharge.SchDoc with cap from gpa_passives.SchLib
Replace Symbol from D? diode_led in D:\hexapod\carrier\psu_and_discharge.SchDoc with diode_led from gpa_actives.SchLib
Replace Symbol from D? diode_led in D:\hexapod\carrier\psu_and_discharge.SchDoc with diode_led from gpa_actives.SchLib
Replace Symbol from D? diode_led in D:\hexapod\carrier\psu_and_discharge.SchDoc with diode_led from gpa_actives.SchLib
Replace Symbol from D? diode_dual_ca_zener in D:\hexapod\carrier\psu_and_discharge.SchDoc with diode_dual_ca_zener from gpa_actives.SchLib
Replace Symbol from D? diode_dual_cc in D:\hexapod\carrier\psu_and_discharge.SchDoc with diode_dual_cc from gpa_actives.SchLib
Replace Symbol from D? diode_dual_cc in D:\hexapod\carrier\psu_and_discharge.SchDoc with diode_dual_cc from gpa_actives.SchLib
Replace Symbol from D? diode_tvs_unidirectional in D:\hexapod\carrier\psu_and_discharge.SchDoc with diode_tvs_unidirectional from gpa_actives.SchLib
Replace Symbol from FB? ferrite_bead in D:\hexapod\carrier\psu_and_discharge.SchDoc with ferrite_bead from gpa_passives.SchLib
Replace Symbol from FB? ferrite_bead in D:\hexapod\carrier\psu_and_discharge.SchDoc with ferrite_bead from gpa_passives.SchLib
Replace Symbol from FB? ferrite_bead in D:\hexapod\carrier\psu_and_discharge.SchDoc with ferrite_bead from gpa_passives.SchLib
Replace Symbol from FB? ferrite_bead in D:\hexapod\carrier\psu_and_discharge.SchDoc with ferrite_bead from gpa_passives.SchLib
Replace Symbol from FB? ferrite_bead in D:\hexapod\carrier\psu_and_discharge.SchDoc with ferrite_bead from gpa_passives.SchLib
Replace Symbol from FB? ferrite_bead in D:\hexapod\carrier\psu_and_discharge.SchDoc with ferrite_bead from gpa_passives.SchLib
Replace Symbol from FB? ferrite_bead in D:\hexapod\carrier\psu_and_discharge.SchDoc with ferrite_bead from gpa_passives.SchLib
Replace Symbol from J? microfit_2x3 in D:\hexapod\carrier\psu_and_discharge.SchDoc with microfit_2x3 from gpa_connectors.SchLib
Replace Symbol from J? dc_jack_shielded in D:\hexapod\carrier\psu_and_discharge.SchDoc with dc_jack_shielded from gpa_connectors.SchLib
Replace Symbol from L? ind in D:\hexapod\carrier\psu_and_discharge.SchDoc with ind from gpa_passives.SchLib
Replace Symbol from L? ind in D:\hexapod\carrier\psu_and_discharge.SchDoc with ind from gpa_passives.SchLib
Replace Symbol from L? ind in D:\hexapod\carrier\psu_and_discharge.SchDoc with ind from gpa_passives.SchLib
Replace Symbol from L? ind in D:\hexapod\carrier\psu_and_discharge.SchDoc with ind from gpa_passives.SchLib
Replace Symbol from L? ind in D:\hexapod\carrier\psu_and_discharge.SchDoc with ind from gpa_passives.SchLib
Replace Symbol from Q? nch_mosfet in D:\hexapod\carrier\psu_and_discharge.SchDoc with nch_mosfet from gpa_actives.SchLib
Replace Symbol from Q? nch_mosfet in D:\hexapod\carrier\psu_and_discharge.SchDoc with nch_mosfet from gpa_actives.SchLib
Replace Symbol from Q? nch_mosfet in D:\hexapod\carrier\psu_and_discharge.SchDoc with nch_mosfet from gpa_actives.SchLib
Replace Symbol from Q? nch_mosfet in D:\hexapod\carrier\psu_and_discharge.SchDoc with nch_mosfet from gpa_actives.SchLib
Replace Symbol from Q? pch_mosfet_diode in D:\hexapod\carrier\psu_and_discharge.SchDoc with pch_mosfet_diode from gpa_actives.SchLib
Replace Symbol from Q? nch_mosfet in D:\hexapod\carrier\psu_and_discharge.SchDoc with nch_mosfet from gpa_actives.SchLib
Replace Symbol from Q? nch_mosfet in D:\hexapod\carrier\psu_and_discharge.SchDoc with nch_mosfet from gpa_actives.SchLib
Replace Symbol from Q? nch_mosfet in D:\hexapod\carrier\psu_and_discharge.SchDoc with nch_mosfet from gpa_actives.SchLib
Replace Symbol from Q? pch_mosfet_diode in D:\hexapod\carrier\psu_and_discharge.SchDoc with pch_mosfet_diode from gpa_actives.SchLib
Replace Symbol from Q? nch_mosfet_diode in D:\hexapod\carrier\psu_and_discharge.SchDoc with nch_mosfet_diode from gpa_actives.SchLib
Replace Symbol from Q? nch_mosfet_diode in D:\hexapod\carrier\psu_and_discharge.SchDoc with nch_mosfet_diode from gpa_actives.SchLib
Replace Symbol from Q? nch_mosfet_diode in D:\hexapod\carrier\psu_and_discharge.SchDoc with nch_mosfet_diode from gpa_actives.SchLib
Replace Symbol from Q? nch_mosfet_diode in D:\hexapod\carrier\psu_and_discharge.SchDoc with nch_mosfet_diode from gpa_actives.SchLib
Replace Symbol from Q? pch_mosfet_diode in D:\hexapod\carrier\psu_and_discharge.SchDoc with pch_mosfet_diode from gpa_actives.SchLib
Replace Symbol from Q? nch_mosfet in D:\hexapod\carrier\psu_and_discharge.SchDoc with nch_mosfet from gpa_actives.SchLib
Replace Symbol from Q? nch_mosfet in D:\hexapod\carrier\psu_and_discharge.SchDoc with nch_mosfet from gpa_actives.SchLib
Replace Symbol from Q? nch_mosfet in D:\hexapod\carrier\psu_and_discharge.SchDoc with nch_mosfet from gpa_actives.SchLib
Replace Symbol from R? res in D:\hexapod\carrier\psu_and_discharge.SchDoc with res from gpa_passives.SchLib
Replace Symbol from R? res in D:\hexapod\carrier\psu_and_discharge.SchDoc with res from gpa_passives.SchLib
Replace Symbol from R? res in D:\hexapod\carrier\psu_and_discharge.SchDoc with res from gpa_passives.SchLib
Replace Symbol from R? res in D:\hexapod\carrier\psu_and_discharge.SchDoc with res from gpa_passives.SchLib
Replace Symbol from R? res in D:\hexapod\carrier\psu_and_discharge.SchDoc with res from gpa_passives.SchLib
Replace Symbol from R? res in D:\hexapod\carrier\psu_and_discharge.SchDoc with res from gpa_passives.SchLib
Replace Symbol from R? res in D:\hexapod\carrier\psu_and_discharge.SchDoc with res from gpa_passives.SchLib
Replace Symbol from R? res in D:\hexapod\carrier\psu_and_discharge.SchDoc with res from gpa_passives.SchLib
Replace Symbol from R? res in D:\hexapod\carrier\psu_and_discharge.SchDoc with res from gpa_passives.SchLib
Replace Symbol from R? res in D:\hexapod\carrier\psu_and_discharge.SchDoc with res from gpa_passives.SchLib
Replace Symbol from R? res in D:\hexapod\carrier\psu_and_discharge.SchDoc with res from gpa_passives.SchLib
Replace Symbol from R? res in D:\hexapod\carrier\psu_and_discharge.SchDoc with res from gpa_passives.SchLib
Replace Symbol from R? res in D:\hexapod\carrier\psu_and_discharge.SchDoc with res from gpa_passives.SchLib
Replace Symbol from R? res in D:\hexapod\carrier\psu_and_discharge.SchDoc with res from gpa_passives.SchLib
Replace Symbol from R? res in D:\hexapod\carrier\psu_and_discharge.SchDoc with res from gpa_passives.SchLib
Replace Symbol from R? res in D:\hexapod\carrier\psu_and_discharge.SchDoc with res from gpa_passives.SchLib
Replace Symbol from R? res in D:\hexapod\carrier\psu_and_discharge.SchDoc with res from gpa_passives.SchLib
Replace Symbol from R? res in D:\hexapod\carrier\psu_and_discharge.SchDoc with res from gpa_passives.SchLib
Replace Symbol from R? res in D:\hexapod\carrier\psu_and_discharge.SchDoc with res from gpa_passives.SchLib
Replace Symbol from R? res in D:\hexapod\carrier\psu_and_discharge.SchDoc with res from gpa_passives.SchLib
Replace Symbol from R? res in D:\hexapod\carrier\psu_and_discharge.SchDoc with res from gpa_passives.SchLib
Replace Symbol from R? res in D:\hexapod\carrier\psu_and_discharge.SchDoc with res from gpa_passives.SchLib
Replace Symbol from R? res in D:\hexapod\carrier\psu_and_discharge.SchDoc with res from gpa_passives.SchLib
Replace Symbol from R? res in D:\hexapod\carrier\psu_and_discharge.SchDoc with res from gpa_passives.SchLib
Replace Symbol from R? res in D:\hexapod\carrier\psu_and_discharge.SchDoc with res from gpa_passives.SchLib
Replace Symbol from R? res in D:\hexapod\carrier\psu_and_discharge.SchDoc with res from gpa_passives.SchLib
Replace Symbol from R? res_sens in D:\hexapod\carrier\psu_and_discharge.SchDoc with res_sens from gpa_passives.SchLib
Replace Symbol from R? res in D:\hexapod\carrier\psu_and_discharge.SchDoc with res from gpa_passives.SchLib
Replace Symbol from R? res in D:\hexapod\carrier\psu_and_discharge.SchDoc with res from gpa_passives.SchLib
Replace Symbol from R? res in D:\hexapod\carrier\psu_and_discharge.SchDoc with res from gpa_passives.SchLib
Replace Symbol from R? res_sens in D:\hexapod\carrier\psu_and_discharge.SchDoc with res_sens from gpa_passives.SchLib
Replace Symbol from R? res in D:\hexapod\carrier\psu_and_discharge.SchDoc with res from gpa_passives.SchLib
Replace Symbol from R? res in D:\hexapod\carrier\psu_and_discharge.SchDoc with res from gpa_passives.SchLib
Replace Symbol from R? res in D:\hexapod\carrier\psu_and_discharge.SchDoc with res from gpa_passives.SchLib
Replace Symbol from R? res in D:\hexapod\carrier\psu_and_discharge.SchDoc with res from gpa_passives.SchLib
Replace Symbol from R? res in D:\hexapod\carrier\psu_and_discharge.SchDoc with res from gpa_passives.SchLib
Replace Symbol from R? res in D:\hexapod\carrier\psu_and_discharge.SchDoc with res from gpa_passives.SchLib
Replace Symbol from R? res in D:\hexapod\carrier\psu_and_discharge.SchDoc with res from gpa_passives.SchLib
Replace Symbol from R? res in D:\hexapod\carrier\psu_and_discharge.SchDoc with res from gpa_passives.SchLib
Replace Symbol from R? res in D:\hexapod\carrier\psu_and_discharge.SchDoc with res from gpa_passives.SchLib
Replace Symbol from R? res in D:\hexapod\carrier\psu_and_discharge.SchDoc with res from gpa_passives.SchLib
Replace Symbol from R? res in D:\hexapod\carrier\psu_and_discharge.SchDoc with res from gpa_passives.SchLib
Replace Symbol from R? res in D:\hexapod\carrier\psu_and_discharge.SchDoc with res from gpa_passives.SchLib
Replace Symbol from R? res in D:\hexapod\carrier\psu_and_discharge.SchDoc with res from gpa_passives.SchLib
Replace Symbol from R? res in D:\hexapod\carrier\psu_and_discharge.SchDoc with res from gpa_passives.SchLib
Replace Symbol from R? res in D:\hexapod\carrier\psu_and_discharge.SchDoc with res from gpa_passives.SchLib
Replace Symbol from R? res in D:\hexapod\carrier\psu_and_discharge.SchDoc with res from gpa_passives.SchLib
Replace Symbol from R? res in D:\hexapod\carrier\psu_and_discharge.SchDoc with res from gpa_passives.SchLib
Replace Symbol from U? tps56120x in D:\hexapod\carrier\psu_and_discharge.SchDoc with tps56120x from gpa_ti.SchLib
Replace Symbol from U? bq25703a in D:\hexapod\carrier\psu_and_discharge.SchDoc with bq25703a from gpa_ti.SchLib
Replace Symbol from U? tps65261 in D:\hexapod\carrier\psu_and_discharge.SchDoc with tps65261 from gpa_ti.SchLib
Replace Symbol from U? bq25703a in D:\hexapod\carrier\psu_and_discharge.SchDoc with bq25703a from gpa_ti.SchLib
Replace Symbol from U? tps65261 in D:\hexapod\carrier\psu_and_discharge.SchDoc with tps65261 from gpa_ti.SchLib
Replace Symbol from U? tps65261 in D:\hexapod\carrier\psu_and_discharge.SchDoc with tps65261 from gpa_ti.SchLib
Replace Symbol from U? tps65261 in D:\hexapod\carrier\psu_and_discharge.SchDoc with tps65261 from gpa_ti.SchLib
