Replace Symbol from C? cap in D:\hexapod\carrier\sound.SchDoc with cap from gpa_passives.SchLib
Replace Symbol from C? cap in D:\hexapod\carrier\sound.SchDoc with cap from gpa_passives.SchLib
Replace Symbol from C? cap in D:\hexapod\carrier\sound.SchDoc with cap from gpa_passives.SchLib
Replace Symbol from C? cap in D:\hexapod\carrier\sound.SchDoc with cap from gpa_passives.SchLib
Replace Symbol from C? cap in D:\hexapod\carrier\sound.SchDoc with cap from gpa_passives.SchLib
Replace Symbol from C? cap in D:\hexapod\carrier\sound.SchDoc with cap from gpa_passives.SchLib
Replace Symbol from C? cap in D:\hexapod\carrier\sound.SchDoc with cap from gpa_passives.SchLib
Replace Symbol from C? cap in D:\hexapod\carrier\sound.SchDoc with cap from gpa_passives.SchLib
Replace Symbol from C? cap in D:\hexapod\carrier\sound.SchDoc with cap from gpa_passives.SchLib
Replace Symbol from FB? ferrite_bead in D:\hexapod\carrier\sound.SchDoc with ferrite_bead from gpa_passives.SchLib
Replace Symbol from FB? ferrite_bead in D:\hexapod\carrier\sound.SchDoc with ferrite_bead from gpa_passives.SchLib
Replace Symbol from FB? ferrite_bead in D:\hexapod\carrier\sound.SchDoc with ferrite_bead from gpa_passives.SchLib
Replace Symbol from FB? ferrite_bead in D:\hexapod\carrier\sound.SchDoc with ferrite_bead from gpa_passives.SchLib
Replace Symbol from FB? ferrite_bead in D:\hexapod\carrier\sound.SchDoc with ferrite_bead from gpa_passives.SchLib
Replace Symbol from J? 3.5mm_headset_4pole in D:\hexapod\carrier\sound.SchDoc with 3.5mm_headset_4pole from gpa_connectors.SchLib
Replace Symbol from Q? npn_bipolar in D:\hexapod\carrier\sound.SchDoc with npn_bipolar from gpa_actives.SchLib
Replace Symbol from Q? pch_mosfet in D:\hexapod\carrier\sound.SchDoc with pch_mosfet from gpa_actives.SchLib
Replace Symbol from R? res in D:\hexapod\carrier\sound.SchDoc with res from gpa_passives.SchLib
Replace Symbol from R? res in D:\hexapod\carrier\sound.SchDoc with res from gpa_passives.SchLib
Replace Symbol from R? res in D:\hexapod\carrier\sound.SchDoc with res from gpa_passives.SchLib
Replace Symbol from R? res in D:\hexapod\carrier\sound.SchDoc with res from gpa_passives.SchLib
Replace Symbol from R? res in D:\hexapod\carrier\sound.SchDoc with res from gpa_passives.SchLib
Replace Symbol from R? res in D:\hexapod\carrier\sound.SchDoc with res from gpa_passives.SchLib
Replace Symbol from SPK? speaker in D:\hexapod\carrier\sound.SchDoc with speaker from gpa_actives.SchLib
Replace Symbol from U? tlv320aic3100 in D:\hexapod\carrier\sound.SchDoc with tlv320aic3100 from gpa_ti.SchLib
Replace Symbol from U? tlv320aic3100 in D:\hexapod\carrier\sound.SchDoc with tlv320aic3100 from gpa_ti.SchLib
Replace Symbol from U? tlv320aic3100 in D:\hexapod\carrier\sound.SchDoc with tlv320aic3100 from gpa_ti.SchLib
Replace Symbol from U? tlv320aic3100 in D:\hexapod\carrier\sound.SchDoc with tlv320aic3100 from gpa_ti.SchLib
