Replace Symbol from C? cap in D:\hexapod\carrier\usb_connectors.SchDoc with cap from gpa_passives.SchLib
Replace Symbol from C? cap in D:\hexapod\carrier\usb_connectors.SchDoc with cap from gpa_passives.SchLib
Replace Symbol from C? cap in D:\hexapod\carrier\usb_connectors.SchDoc with cap from gpa_passives.SchLib
Replace Symbol from C? cap in D:\hexapod\carrier\usb_connectors.SchDoc with cap from gpa_passives.SchLib
Replace Symbol from C? cap in D:\hexapod\carrier\usb_connectors.SchDoc with cap from gpa_passives.SchLib
Replace Symbol from C? cap in D:\hexapod\carrier\usb_connectors.SchDoc with cap from gpa_passives.SchLib
Replace Symbol from C? cap in D:\hexapod\carrier\usb_connectors.SchDoc with cap from gpa_passives.SchLib
Replace Symbol from C? cap in D:\hexapod\carrier\usb_connectors.SchDoc with cap from gpa_passives.SchLib
Replace Symbol from C? cap in D:\hexapod\carrier\usb_connectors.SchDoc with cap from gpa_passives.SchLib
Replace Symbol from C? cap in D:\hexapod\carrier\usb_connectors.SchDoc with cap from gpa_passives.SchLib
Replace Symbol from C? cap in D:\hexapod\carrier\usb_connectors.SchDoc with cap from gpa_passives.SchLib
Replace Symbol from C? cap in D:\hexapod\carrier\usb_connectors.SchDoc with cap from gpa_passives.SchLib
Replace Symbol from D? tpd4e05u06 in D:\hexapod\carrier\usb_connectors.SchDoc with tpd4e05u06 from gpa_ti.SchLib
Replace Symbol from D? tpd4e05u06 in D:\hexapod\carrier\usb_connectors.SchDoc with tpd4e05u06 from gpa_ti.SchLib
Replace Symbol from D? tpd4e05u06 in D:\hexapod\carrier\usb_connectors.SchDoc with tpd4e05u06 from gpa_ti.SchLib
Replace Symbol from FB? ferrite_bead in D:\hexapod\carrier\usb_connectors.SchDoc with ferrite_bead from gpa_passives.SchLib
Replace Symbol from FB? ferrite_bead in D:\hexapod\carrier\usb_connectors.SchDoc with ferrite_bead from gpa_passives.SchLib
Replace Symbol from J? usb3_micro_ab in D:\hexapod\carrier\usb_connectors.SchDoc with usb3_micro_ab from gpa_connectors.SchLib
Replace Symbol from J? usb3_a in D:\hexapod\carrier\usb_connectors.SchDoc with usb3_a from gpa_connectors.SchLib
Replace Symbol from R? res in D:\hexapod\carrier\usb_connectors.SchDoc with res from gpa_passives.SchLib
Replace Symbol from R? res in D:\hexapod\carrier\usb_connectors.SchDoc with res from gpa_passives.SchLib
Replace Symbol from U? tps2065c in D:\hexapod\carrier\usb_connectors.SchDoc with tps2065c from gpa_ti.SchLib
Replace Symbol from U? tps2065c in D:\hexapod\carrier\usb_connectors.SchDoc with tps2065c from gpa_ti.SchLib
